2017-02-26 18:53:13.129  INFO 6352 --- [main] c.e.HostelApplicationTests               : Starting HostelApplicationTests on cherry-K53SD with PID 6352 (started by cherry in /home/cherry/git/DreamApplication/HostelApplication)
2017-02-26 18:53:13.174  INFO 6352 --- [main] c.e.HostelApplicationTests               : No active profile set, falling back to default profiles: default
2017-02-26 18:53:13.627  INFO 6352 --- [main] o.s.w.c.s.GenericWebApplicationContext   : Refreshing org.springframework.web.context.support.GenericWebApplicationContext@7b7fdc8: startup date [Sun Feb 26 18:53:13 IST 2017]; root of context hierarchy
2017-02-26 18:53:21.478  INFO 6352 --- [main] f.a.AutowiredAnnotationBeanPostProcessor : JSR-330 'javax.inject.Inject' annotation found and supported for autowiring
2017-02-26 18:53:22.409  INFO 6352 --- [main] trationDelegate$BeanPostProcessorChecker : Bean 'org.springframework.boot.autoconfigure.validation.ValidationAutoConfiguration' of type [class org.springframework.boot.autoconfigure.validation.ValidationAutoConfiguration] is not eligible for getting processed by all BeanPostProcessors (for example: not eligible for auto-proxying)
2017-02-26 18:53:22.859  INFO 6352 --- [main] trationDelegate$BeanPostProcessorChecker : Bean 'validator' of type [class org.springframework.validation.beanvalidation.LocalValidatorFactoryBean] is not eligible for getting processed by all BeanPostProcessors (for example: not eligible for auto-proxying)
2017-02-26 18:53:23.091  INFO 6352 --- [main] trationDelegate$BeanPostProcessorChecker : Bean 'org.springframework.transaction.annotation.ProxyTransactionManagementConfiguration' of type [class org.springframework.transaction.annotation.ProxyTransactionManagementConfiguration$$EnhancerBySpringCGLIB$$c644d36b] is not eligible for getting processed by all BeanPostProcessors (for example: not eligible for auto-proxying)
2017-02-26 18:53:23.522  INFO 6352 --- [main] trationDelegate$BeanPostProcessorChecker : Bean 'org.springframework.security.config.annotation.configuration.ObjectPostProcessorConfiguration' of type [class org.springframework.security.config.annotation.configuration.ObjectPostProcessorConfiguration$$EnhancerBySpringCGLIB$$5ef29ba5] is not eligible for getting processed by all BeanPostProcessors (for example: not eligible for auto-proxying)
2017-02-26 18:53:23.592  INFO 6352 --- [main] trationDelegate$BeanPostProcessorChecker : Bean 'objectPostProcessor' of type [class org.springframework.security.config.annotation.configuration.AutowireBeanFactoryObjectPostProcessor] is not eligible for getting processed by all BeanPostProcessors (for example: not eligible for auto-proxying)
2017-02-26 18:53:23.613  INFO 6352 --- [main] trationDelegate$BeanPostProcessorChecker : Bean 'org.springframework.security.access.expression.method.DefaultMethodSecurityExpressionHandler@3f29e26' of type [class org.springframework.security.access.expression.method.DefaultMethodSecurityExpressionHandler] is not eligible for getting processed by all BeanPostProcessors (for example: not eligible for auto-proxying)
2017-02-26 18:53:23.676  INFO 6352 --- [main] trationDelegate$BeanPostProcessorChecker : Bean 'org.springframework.security.config.annotation.method.configuration.GlobalMethodSecurityConfiguration' of type [class org.springframework.security.config.annotation.method.configuration.GlobalMethodSecurityConfiguration$$EnhancerBySpringCGLIB$$83c73e57] is not eligible for getting processed by all BeanPostProcessors (for example: not eligible for auto-proxying)
2017-02-26 18:53:23.850  INFO 6352 --- [main] trationDelegate$BeanPostProcessorChecker : Bean 'methodSecurityMetadataSource' of type [class org.springframework.security.access.method.DelegatingMethodSecurityMetadataSource] is not eligible for getting processed by all BeanPostProcessors (for example: not eligible for auto-proxying)
2017-02-26 18:53:28.501  INFO 6352 --- [main] j.LocalContainerEntityManagerFactoryBean : Building JPA container EntityManagerFactory for persistence unit 'default'
2017-02-26 18:53:36.640  INFO 6352 --- [main] j.LocalContainerEntityManagerFactoryBean : Initialized JPA EntityManagerFactory for persistence unit 'default'
2017-02-26 18:53:44.404  INFO 6352 --- [main] o.s.s.w.DefaultSecurityFilterChain       : Creating filter chain: Ant [pattern='/views/**', GET], []
2017-02-26 18:53:44.405  INFO 6352 --- [main] o.s.s.w.DefaultSecurityFilterChain       : Creating filter chain: Ant [pattern='/#/login', GET], []
2017-02-26 18:53:44.409  INFO 6352 --- [main] o.s.s.w.DefaultSecurityFilterChain       : Creating filter chain: Ant [pattern='/user/forgotPassword/*', GET], []
2017-02-26 18:53:44.410  INFO 6352 --- [main] o.s.s.w.DefaultSecurityFilterChain       : Creating filter chain: Ant [pattern='/contactUs/', POST], []
2017-02-26 18:53:45.095  INFO 6352 --- [main] o.s.s.w.DefaultSecurityFilterChain       : Creating filter chain: org.springframework.security.web.util.matcher.AnyRequestMatcher@1, [org.springframework.security.web.context.request.async.WebAsyncManagerIntegrationFilter@55fb36de, org.springframework.security.web.context.SecurityContextPersistenceFilter@1fb6b8fb, org.springframework.security.web.header.HeaderWriterFilter@26994c6a, org.springframework.security.web.authentication.logout.LogoutFilter@54b44879, org.springframework.security.web.authentication.www.BasicAuthenticationFilter@4c5f7b4f, org.springframework.security.web.savedrequest.RequestCacheAwareFilter@1a10c47e, org.springframework.security.web.servletapi.SecurityContextHolderAwareRequestFilter@5835e24a, org.springframework.security.web.authentication.AnonymousAuthenticationFilter@63a7781, org.springframework.security.web.session.SessionManagementFilter@671d97bc, org.springframework.security.web.access.ExceptionTranslationFilter@62faf77, org.springframework.security.web.access.intercept.FilterSecurityInterceptor@f9b8129]
2017-02-26 18:53:47.506  INFO 6352 --- [main] s.w.s.m.m.a.RequestMappingHandlerAdapter : Looking for @ControllerAdvice: org.springframework.web.context.support.GenericWebApplicationContext@7b7fdc8: startup date [Sun Feb 26 18:53:13 IST 2017]; root of context hierarchy
2017-02-26 18:53:48.199  INFO 6352 --- [main] s.w.s.m.m.a.RequestMappingHandlerMapping : Mapped "{[/hostel/addHostel],methods=[POST]}" onto public com.ewaves.domain.ResponseVO com.ewaves.controller.HostelController.addHostel(com.ewaves.entities.HostelDetails)
2017-02-26 18:53:48.214  INFO 6352 --- [main] s.w.s.m.m.a.RequestMappingHandlerMapping : Mapped "{[/user/userRequest],methods=[POST]}" onto public com.ewaves.domain.ResponseVO com.ewaves.controller.UserController.userRequest(com.ewaves.entities.UserRequest)
2017-02-26 18:53:48.227  INFO 6352 --- [main] s.w.s.m.m.a.RequestMappingHandlerMapping : Mapped "{[/error],produces=[text/html]}" onto public org.springframework.web.servlet.ModelAndView org.springframework.boot.autoconfigure.web.BasicErrorController.errorHtml(javax.servlet.http.HttpServletRequest,javax.servlet.http.HttpServletResponse)
2017-02-26 18:53:48.229  INFO 6352 --- [main] s.w.s.m.m.a.RequestMappingHandlerMapping : Mapped "{[/error]}" onto public org.springframework.http.ResponseEntity<java.util.Map<java.lang.String, java.lang.Object>> org.springframework.boot.autoconfigure.web.BasicErrorController.error(javax.servlet.http.HttpServletRequest)
2017-02-26 18:53:48.653  INFO 6352 --- [main] o.s.w.s.h.SimpleUrlHandlerMapping        : Mapped URL path [/webjars/**] onto handler of type [class org.springframework.web.servlet.resource.ResourceHttpRequestHandler]
2017-02-26 18:53:48.655  INFO 6352 --- [main] o.s.w.s.h.SimpleUrlHandlerMapping        : Mapped URL path [/**] onto handler of type [class org.springframework.web.servlet.resource.ResourceHttpRequestHandler]
2017-02-26 18:53:49.102  INFO 6352 --- [main] o.s.w.s.h.SimpleUrlHandlerMapping        : Mapped URL path [/**/favicon.ico] onto handler of type [class org.springframework.web.servlet.resource.ResourceHttpRequestHandler]
2017-02-26 18:53:53.032  INFO 6352 --- [main] o.s.c.s.DefaultLifecycleProcessor        : Starting beans in phase 2147483647
2017-02-26 18:53:53.195  INFO 6352 --- [main] c.e.HostelApplicationTests               : Started HostelApplicationTests in 42.194 seconds (JVM running for 47.156)
2017-02-26 19:28:30.033  INFO 7031 --- [main] c.e.HostelApplication                    : Starting HostelApplication on cherry-K53SD with PID 7031 (/home/cherry/git/DreamApplication/HostelApplication/target/classes started by cherry in /home/cherry/git/DreamApplication/HostelApplication)
2017-02-26 19:28:30.087  INFO 7031 --- [main] c.e.HostelApplication                    : No active profile set, falling back to default profiles: default
2017-02-26 19:28:30.664  INFO 7031 --- [main] ationConfigEmbeddedWebApplicationContext : Refreshing org.springframework.boot.context.embedded.AnnotationConfigEmbeddedWebApplicationContext@5c90e579: startup date [Sun Feb 26 19:28:30 IST 2017]; root of context hierarchy
2017-02-26 19:28:38.322  INFO 7031 --- [main] f.a.AutowiredAnnotationBeanPostProcessor : JSR-330 'javax.inject.Inject' annotation found and supported for autowiring
2017-02-26 19:28:38.987  INFO 7031 --- [main] trationDelegate$BeanPostProcessorChecker : Bean 'org.springframework.boot.autoconfigure.validation.ValidationAutoConfiguration' of type [class org.springframework.boot.autoconfigure.validation.ValidationAutoConfiguration] is not eligible for getting processed by all BeanPostProcessors (for example: not eligible for auto-proxying)
2017-02-26 19:28:39.410  INFO 7031 --- [main] trationDelegate$BeanPostProcessorChecker : Bean 'validator' of type [class org.springframework.validation.beanvalidation.LocalValidatorFactoryBean] is not eligible for getting processed by all BeanPostProcessors (for example: not eligible for auto-proxying)
2017-02-26 19:28:39.651  INFO 7031 --- [main] trationDelegate$BeanPostProcessorChecker : Bean 'org.springframework.transaction.annotation.ProxyTransactionManagementConfiguration' of type [class org.springframework.transaction.annotation.ProxyTransactionManagementConfiguration$$EnhancerBySpringCGLIB$$46d8567f] is not eligible for getting processed by all BeanPostProcessors (for example: not eligible for auto-proxying)
2017-02-26 19:28:39.995  INFO 7031 --- [main] trationDelegate$BeanPostProcessorChecker : Bean 'org.springframework.security.config.annotation.configuration.ObjectPostProcessorConfiguration' of type [class org.springframework.security.config.annotation.configuration.ObjectPostProcessorConfiguration$$EnhancerBySpringCGLIB$$df861eb9] is not eligible for getting processed by all BeanPostProcessors (for example: not eligible for auto-proxying)
2017-02-26 19:28:40.050  INFO 7031 --- [main] trationDelegate$BeanPostProcessorChecker : Bean 'objectPostProcessor' of type [class org.springframework.security.config.annotation.configuration.AutowireBeanFactoryObjectPostProcessor] is not eligible for getting processed by all BeanPostProcessors (for example: not eligible for auto-proxying)
2017-02-26 19:28:40.060  INFO 7031 --- [main] trationDelegate$BeanPostProcessorChecker : Bean 'org.springframework.security.access.expression.method.DefaultMethodSecurityExpressionHandler@71a3a190' of type [class org.springframework.security.access.expression.method.DefaultMethodSecurityExpressionHandler] is not eligible for getting processed by all BeanPostProcessors (for example: not eligible for auto-proxying)
2017-02-26 19:28:40.144  INFO 7031 --- [main] trationDelegate$BeanPostProcessorChecker : Bean 'org.springframework.security.config.annotation.method.configuration.GlobalMethodSecurityConfiguration' of type [class org.springframework.security.config.annotation.method.configuration.GlobalMethodSecurityConfiguration$$EnhancerBySpringCGLIB$$45ac16b] is not eligible for getting processed by all BeanPostProcessors (for example: not eligible for auto-proxying)
2017-02-26 19:28:40.234  INFO 7031 --- [main] trationDelegate$BeanPostProcessorChecker : Bean 'methodSecurityMetadataSource' of type [class org.springframework.security.access.method.DelegatingMethodSecurityMetadataSource] is not eligible for getting processed by all BeanPostProcessors (for example: not eligible for auto-proxying)
2017-02-26 19:28:42.114  INFO 7031 --- [main] s.b.c.e.t.TomcatEmbeddedServletContainer : Tomcat initialized with port(s): 9002 (http)
2017-02-26 19:28:42.198  INFO 7031 --- [main] o.a.c.c.StandardService                  : Starting service Tomcat
2017-02-26 19:28:42.204  INFO 7031 --- [main] o.a.c.c.StandardEngine                   : Starting Servlet Engine: Apache Tomcat/8.5.11
2017-02-26 19:28:42.906  INFO 7031 --- [localhost-startStop-1] o.a.c.c.C.[.[.[/]                        : Initializing Spring embedded WebApplicationContext
2017-02-26 19:28:42.909  INFO 7031 --- [localhost-startStop-1] o.s.w.c.ContextLoader                    : Root WebApplicationContext: initialization completed in 12258 ms
2017-02-26 19:28:44.213  INFO 7031 --- [localhost-startStop-1] o.s.b.w.s.FilterRegistrationBean         : Mapping filter: 'characterEncodingFilter' to: [/*]
2017-02-26 19:28:44.215  INFO 7031 --- [localhost-startStop-1] o.s.b.w.s.FilterRegistrationBean         : Mapping filter: 'hiddenHttpMethodFilter' to: [/*]
2017-02-26 19:28:44.216  INFO 7031 --- [localhost-startStop-1] o.s.b.w.s.FilterRegistrationBean         : Mapping filter: 'httpPutFormContentFilter' to: [/*]
2017-02-26 19:28:44.217  INFO 7031 --- [localhost-startStop-1] o.s.b.w.s.FilterRegistrationBean         : Mapping filter: 'requestContextFilter' to: [/*]
2017-02-26 19:28:44.223  INFO 7031 --- [localhost-startStop-1] .s.DelegatingFilterProxyRegistrationBean : Mapping filter: 'springSecurityFilterChain' to: [/*]
2017-02-26 19:28:44.224  INFO 7031 --- [localhost-startStop-1] o.s.b.w.s.FilterRegistrationBean         : Mapping filter: 'CORSSecurityFilter' to: [/*]
2017-02-26 19:28:44.225  INFO 7031 --- [localhost-startStop-1] o.s.b.w.s.ServletRegistrationBean        : Mapping servlet: 'dispatcherServlet' to [/]
2017-02-26 19:28:47.889  INFO 7031 --- [main] j.LocalContainerEntityManagerFactoryBean : Building JPA container EntityManagerFactory for persistence unit 'default'
2017-02-26 19:28:57.232  INFO 7031 --- [main] j.LocalContainerEntityManagerFactoryBean : Initialized JPA EntityManagerFactory for persistence unit 'default'
2017-02-26 19:29:02.002  INFO 7031 --- [main] o.s.s.w.DefaultSecurityFilterChain       : Creating filter chain: Ant [pattern='/views/**', GET], []
2017-02-26 19:29:02.003  INFO 7031 --- [main] o.s.s.w.DefaultSecurityFilterChain       : Creating filter chain: Ant [pattern='/#/login', GET], []
2017-02-26 19:29:02.004  INFO 7031 --- [main] o.s.s.w.DefaultSecurityFilterChain       : Creating filter chain: Ant [pattern='/user/forgotPassword/*', GET], []
2017-02-26 19:29:02.005  INFO 7031 --- [main] o.s.s.w.DefaultSecurityFilterChain       : Creating filter chain: Ant [pattern='/contactUs/', POST], []
2017-02-26 19:29:02.744  INFO 7031 --- [main] o.s.s.w.DefaultSecurityFilterChain       : Creating filter chain: org.springframework.security.web.util.matcher.AnyRequestMatcher@1, [org.springframework.security.web.context.request.async.WebAsyncManagerIntegrationFilter@5d3f99d7, org.springframework.security.web.context.SecurityContextPersistenceFilter@5dc7841c, org.springframework.security.web.header.HeaderWriterFilter@44d43cc9, org.springframework.security.web.authentication.logout.LogoutFilter@668a32a4, org.springframework.security.web.authentication.www.BasicAuthenticationFilter@38bc5ac0, org.springframework.security.web.savedrequest.RequestCacheAwareFilter@a3b858f, org.springframework.security.web.servletapi.SecurityContextHolderAwareRequestFilter@2347b7af, org.springframework.security.web.authentication.AnonymousAuthenticationFilter@561d88ee, org.springframework.security.web.session.SessionManagementFilter@9e33a6a, org.springframework.security.web.access.ExceptionTranslationFilter@2262f0d8, org.springframework.security.web.access.intercept.FilterSecurityInterceptor@2d74cbbd]
2017-02-26 19:29:03.511  INFO 7031 --- [main] s.w.s.m.m.a.RequestMappingHandlerAdapter : Looking for @ControllerAdvice: org.springframework.boot.context.embedded.AnnotationConfigEmbeddedWebApplicationContext@5c90e579: startup date [Sun Feb 26 19:28:30 IST 2017]; root of context hierarchy
2017-02-26 19:29:04.316  INFO 7031 --- [main] s.w.s.m.m.a.RequestMappingHandlerMapping : Mapped "{[/hostel/addHostel],methods=[POST]}" onto public com.ewaves.domain.ResponseVO com.ewaves.controller.HostelController.addHostel(com.ewaves.entities.HostelDetails)
2017-02-26 19:29:04.331  INFO 7031 --- [main] s.w.s.m.m.a.RequestMappingHandlerMapping : Mapped "{[/user/userRequest],methods=[POST]}" onto public com.ewaves.domain.ResponseVO com.ewaves.controller.UserController.userRequest(com.ewaves.entities.UserRequest)
2017-02-26 19:29:04.367  INFO 7031 --- [main] s.w.s.m.m.a.RequestMappingHandlerMapping : Mapped "{[/error],produces=[text/html]}" onto public org.springframework.web.servlet.ModelAndView org.springframework.boot.autoconfigure.web.BasicErrorController.errorHtml(javax.servlet.http.HttpServletRequest,javax.servlet.http.HttpServletResponse)
2017-02-26 19:29:04.371  INFO 7031 --- [main] s.w.s.m.m.a.RequestMappingHandlerMapping : Mapped "{[/error]}" onto public org.springframework.http.ResponseEntity<java.util.Map<java.lang.String, java.lang.Object>> org.springframework.boot.autoconfigure.web.BasicErrorController.error(javax.servlet.http.HttpServletRequest)
2017-02-26 19:29:05.029  INFO 7031 --- [main] o.s.w.s.h.SimpleUrlHandlerMapping        : Mapped URL path [/webjars/**] onto handler of type [class org.springframework.web.servlet.resource.ResourceHttpRequestHandler]
2017-02-26 19:29:05.031  INFO 7031 --- [main] o.s.w.s.h.SimpleUrlHandlerMapping        : Mapped URL path [/**] onto handler of type [class org.springframework.web.servlet.resource.ResourceHttpRequestHandler]
2017-02-26 19:29:05.661  INFO 7031 --- [main] o.s.w.s.h.SimpleUrlHandlerMapping        : Mapped URL path [/**/favicon.ico] onto handler of type [class org.springframework.web.servlet.resource.ResourceHttpRequestHandler]
2017-02-26 19:29:09.130  INFO 7031 --- [main] o.s.j.e.a.AnnotationMBeanExporter        : Registering beans for JMX exposure on startup
2017-02-26 19:29:09.190  INFO 7031 --- [main] o.s.c.s.DefaultLifecycleProcessor        : Starting beans in phase 2147483647
2017-02-26 19:29:09.728  INFO 7031 --- [main] s.b.c.e.t.TomcatEmbeddedServletContainer : Tomcat started on port(s): 9002 (http)
2017-02-26 19:29:09.785  INFO 7031 --- [main] c.e.HostelApplication                    : Started HostelApplication in 41.996 seconds (JVM running for 44.681)
2017-02-26 19:31:01.705  INFO 7031 --- [http-nio-9002-exec-1] o.a.c.c.C.[.[.[/]                        : Initializing Spring FrameworkServlet 'dispatcherServlet'
2017-02-26 19:31:01.708  INFO 7031 --- [http-nio-9002-exec-1] o.s.w.s.DispatcherServlet                : FrameworkServlet 'dispatcherServlet': initialization started
2017-02-26 19:31:01.895  INFO 7031 --- [http-nio-9002-exec-1] o.s.w.s.DispatcherServlet                : FrameworkServlet 'dispatcherServlet': initialization completed in 181 ms
2017-02-26 19:31:03.023  INFO 7031 --- [http-nio-9002-exec-1] c.e.s.HostelService                      : In Hostel Service save methos is executin 
2017-02-26 19:31:03.027  INFO 7031 --- [http-nio-9002-exec-1] c.e.s.HostelService                      : HostelDeails [hostelId=null, hostelName=sairam, firstName=sai, lastName=ram, phoneNumber=13456788, emailId=sairam@gmail12.com, address1=nellore, address2=dddd, facultiesList=com.ewaves.entities.HostelFaculties@496986eb]
2017-02-26 19:31:23.958  INFO 7031 --- [Thread-4] ationConfigEmbeddedWebApplicationContext : Closing org.springframework.boot.context.embedded.AnnotationConfigEmbeddedWebApplicationContext@5c90e579: startup date [Sun Feb 26 19:28:30 IST 2017]; root of context hierarchy
2017-02-26 19:31:23.965  INFO 7031 --- [Thread-4] o.s.c.s.DefaultLifecycleProcessor        : Stopping beans in phase 2147483647
